1.KNN PCA
____________________________________________________________________________________________
PCA		Classifier	pca_time(s)	clf_time(s)	Accuracy
pca_2    	KNN      	12.779	0.550	0.490
pca_3    	KNN      	11.883	0.444	0.674
pca_4    	KNN      	11.757	0.558	0.831
pca_5    	KNN      	12.009	1.278	0.878
pca_6    	KNN      	9.243	1.605	0.897
pca_7    	KNN      	10.856	2.529	0.916
pca_8    	KNN      	11.051	1.926	0.945
pca_9    	KNN      	10.923	1.578	0.953
pca_10   	KNN      	11.545	1.634	0.961
pca_11   	KNN      	10.884	2.760	0.950
pca_13   	KNN      	11.644	4.425	0.962
pca_14   	KNN      	11.060	6.073	0.954
pca_16   	KNN      	13.422	10.780	0.958
pca_17   	KNN      	12.798	11.167	0.960
pca_19   	KNN      	12.821	17.892	0.944
pca_21   	KNN      	12.733	25.425	0.942
pca_23   	KNN      	12.917	8.086	0.956
pca_26   	KNN      	12.262	30.953	0.934
pca_28   	KNN      	13.034	9.693	0.961
pca_32   	KNN      	14.818	28.850	0.953
pca_35   	KNN      	15.339	31.086	0.945
pca_39   	KNN      	14.058	34.467	0.940
pca_43   	KNN      	13.909	37.761	0.934
pca_47   	KNN      	16.481	41.280	0.930
pca_52   	KNN      	17.106	31.307	0.924
pca_57   	KNN      	16.035	34.403	0.894
pca_64   	KNN      	17.536	38.012	0.900
pca_70   	KNN      	15.610	41.559	0.866
pca_78   	KNN      	18.167	112.726	0.886
pca_86   	KNN      	17.824	26.940	0.916
pca_95   	KNN      	21.714	29.741	0.923
pca_105  	KNN      	20.875	93.977	0.898
pca_115  	KNN      	23.050	71.982	0.877
pca_141  	KNN      	25.523	177.211	0.688
pca_156  	KNN      	29.112	143.587	0.810
pca_172  	KNN      	29.201	156.417	0.574
pca_190  	KNN      	31.158	118.266	0.418
pca_210  	KNN      	35.420	188.910	0.506
pca_231  	KNN      	35.678	337.424	0.564
pca_256  	KNN      	40.385	79.561	0.412
____________________________________________________________________________________________


